<?xml version="1.0" encoding="UTF-8"?>
<testng-results skipped="0" failed="0" total="1" passed="1">
  <reporter-output>
  </reporter-output>
  <suite name="Default suite" duration-ms="2301" started-at="2016-08-20T17:59:45Z" finished-at="2016-08-20T17:59:48Z">
    <groups>
    </groups>
    <test name="Default test" duration-ms="2301" started-at="2016-08-20T17:59:45Z" finished-at="2016-08-20T17:59:48Z">
      <class name="com.saphirehssw5.test.functional.LoginTestSC_001">
        <test-method status="PASS" signature="preTest()[pri:0, instance:com.saphirehssw5.test.functional.LoginTestSC_001@16e7bab]" name="preTest" is-config="true" duration-ms="9" started-at="2016-08-20T23:29:46Z" finished-at="2016-08-20T23:29:46Z">
          <reporter-output>
          </reporter-output>
        </test-method> <!-- preTest -->
        <test-method status="PASS" signature="testLoginTC_0010()[pri:0, instance:com.saphirehssw5.test.functional.LoginTestSC_001@16e7bab]" name="testLoginTC_0010" duration-ms="110" started-at="2016-08-20T23:29:46Z" finished-at="2016-08-20T23:29:46Z">
          <reporter-output>
          </reporter-output>
        </test-method> <!-- testLoginTC_0010 -->
        <test-method status="PASS" signature="postTest()[pri:0, instance:com.saphirehssw5.test.functional.LoginTestSC_001@16e7bab]" name="postTest" is-config="true" duration-ms="2159" started-at="2016-08-20T23:29:46Z" finished-at="2016-08-20T23:29:48Z">
          <reporter-output>
          </reporter-output>
        </test-method> <!-- postTest -->
      </class> <!-- com.saphirehssw5.test.functional.LoginTestSC_001 -->
    </test> <!-- Default test -->
  </suite> <!-- Default suite -->
</testng-results>
